<?xml version="1.0"?>
<testsuite name="HeadlessChrome 0.0.0 (Mac OS X 10.13.1)" package="" timestamp="2017-12-17T22:35:30" id="0" hostname="MacBook-Pro-Aleksandr.local" tests="52" errors="0" failures="4" time="2.01">
  <properties>
    <property name="browser.fullName" value="Mozilla/5.0 (Macintosh; Intel Mac OS X 10_13_1) AppleWebKit/537.36 (KHTML, like Gecko) HeadlessChrome/64.0.3264.0 Safari/537.36"/>
  </properties>
  <testcase name="AppComponent should create the app" time="0.719" classname="AppComponent"/>
  <testcase name="HttpCacheService setCacheData should set cache data" time="0.007" classname="HttpCacheService"/>
  <testcase name="HttpCacheService setCacheData should replace existing data" time="0.006" classname="HttpCacheService"/>
  <testcase name="HttpCacheService setCacheData should set cache date correctly" time="0.006" classname="HttpCacheService"/>
  <testcase name="HttpCacheService getCacheData should return null if no cache" time="0.006" classname="HttpCacheService"/>
  <testcase name="HttpCacheService getCacheData should return cached data if exists" time="0.007" classname="HttpCacheService"/>
  <testcase name="HttpCacheService getCacheData should return cached data with url parameters if exists" time="0.012" classname="HttpCacheService"/>
  <testcase name="HttpCacheService getHttpCacheEntry should return null if no cache" time="0.011" classname="HttpCacheService"/>
  <testcase name="HttpCacheService getHttpCacheEntry should return cached data date  if exists" time="0.008" classname="HttpCacheService"/>
  <testcase name="HttpCacheService clearCacheData should clear existing cache data" time="0.009" classname="HttpCacheService"/>
  <testcase name="HttpCacheService clearCacheData should do nothing if no cache exists" time="0.009" classname="HttpCacheService"/>
  <testcase name="HttpCacheService cleanCache should clear all cache if no date is specified" time="0.022" classname="HttpCacheService"/>
  <testcase name="HttpCacheService cleanCache should clear existing since specified date" time="0.008" classname="HttpCacheService"/>
  <testcase name="HttpCacheService cleanCache should not affect cache entries newer than specified date" time="0.005" classname="HttpCacheService"/>
  <testcase name="HttpCacheService setPersistence should clear previous cache data when persistence value change" time="0.006" classname="HttpCacheService"/>
  <testcase name="HttpCacheService setPersistence should persist cache to local storage" time="0.006" classname="HttpCacheService"/>
  <testcase name="HttpCacheService setPersistence should persist cache to session storage" time="0.025" classname="HttpCacheService"/>
  <testcase name="HttpService request should prepend environment.serverUrl to the request url" time="0.015" classname="HttpService"/>
  <testcase name="HttpService request should prepend environment.serverUrl to the request object url property" time="0.012" classname="HttpService"/>
  <testcase name="HttpService request should go through default error handler and rethrow an error" time="0.012" classname="HttpService"/>
  <testcase name="HttpService request should cache the request" time="0.043" classname="HttpService"/>
  <testcase name="HttpService request should force request ignoring the cache" time="0.008" classname="HttpService"/>
  <testcase name="HttpService request should not cache request" time="0.009" classname="HttpService"/>
  <testcase name="HttpService request should cache the request and return a copy of the response" time="0.017" classname="HttpService"/>
  <testcase name="HttpService get should call request with GET method" time="0.014" classname="HttpService"/>
  <testcase name="HttpService post should call request with POST method and body" time="0.018" classname="HttpService"/>
  <testcase name="HttpService put should call request with PUT method and body" time="0.012" classname="HttpService"/>
  <testcase name="HttpService delete should call request with DELETE method" time="0.011" classname="HttpService"/>
  <testcase name="HttpService patch should call request with PATCH method and body" time="0.012" classname="HttpService"/>
  <testcase name="HttpService head should call request with HEAD method" time="0.023" classname="HttpService"/>
  <testcase name="HttpService options should call request with OPTIONS method" time="0.007" classname="HttpService"/>
  <testcase name="I18nService extract should not modify string" time="0.007" classname="I18nService"/>
  <testcase name="I18nService init should init with default language" time="0.008" classname="I18nService"/>
  <testcase name="I18nService init should init with save language" time="0.005" classname="I18nService"/>
  <testcase name="I18nService set language should change current language" time="0.006" classname="I18nService"/>
  <testcase name="I18nService set language should change current language without a region match" time="0.008" classname="I18nService"/>
  <testcase name="I18nService set language should change current language to default if unsupported" time="0.008" classname="I18nService"/>
  <testcase name="I18nService get language should return current language" time="0.006" classname="I18nService"/>
  <testcase name="Logger should create an instance" time="0" classname="Logger"/>
  <testcase name="Logger should add a new LogOutput and receives log entries" time="0.001" classname="Logger"/>
  <testcase name="Logger should add a new LogOutput and receives only production log entries" time="0.001" classname="Logger"/>
  <testcase name="Route withShell should create routes as children of shell" time="0.01" classname="Route"/>
  <testcase name="HeaderComponent should create" time="0.268" classname="HeaderComponent"/>
  <testcase name="ShellComponent should create" time="0.241" classname="ShellComponent"/>
  <testcase name="HomeComponent should create" time="0.2" classname="HomeComponent">
    <failure type="">'product-list' is not a known element:
1. If 'product-list' is an Angular component, then verify that it is part of this module.
2. If 'product-list' is a Web Component then add 'CUSTOM_ELEMENTS_SCHEMA' to the '@NgModule.schemas' of this component to suppress this message. ("&lt;section class="wish-section d-flex flex-row"&gt;
  [ERROR -&gt;]&lt;product-list&gt;&lt;/product-list&gt;
  &lt;wish-list&gt;&lt;/wish-list&gt;
&lt;/section&gt;
"): ng:///DynamicTestModule/HomeComponent.html@1:2
'wish-list' is not a known element:
1. If 'wish-list' is an Angular component, then verify that it is part of this module.
2. If 'wish-list' is a Web Component then add 'CUSTOM_ELEMENTS_SCHEMA' to the '@NgModule.schemas' of this component to suppress this message. ("&lt;section class="wish-section d-flex flex-row"&gt;
  &lt;product-list&gt;&lt;/product-list&gt;
  [ERROR -&gt;]&lt;wish-list&gt;&lt;/wish-list&gt;
&lt;/section&gt;
"): ng:///DynamicTestModule/HomeComponent.html@2:2
Error: Template parse errors:
    at syntaxError Users/aleksandrvadimovic/Documents/Dropbox_local/тестовые/test-playkey/node_modules/@angular/compiler/esm5/compiler.js:485:22)
    at TemplateParser.webpackJsonp.../../../compiler/esm5/compiler.js.TemplateParser.parse Users/aleksandrvadimovic/Documents/Dropbox_local/тестовые/test-playkey/node_modules/@angular/compiler/esm5/compiler.js:24631:1)
    at JitCompiler.webpackJsonp.../../../compiler/esm5/compiler.js.JitCompiler._parseTemplate Users/aleksandrvadimovic/Documents/Dropbox_local/тестовые/test-playkey/node_modules/@angular/compiler/esm5/compiler.js:34442:1)
    at JitCompiler.webpackJsonp.../../../compiler/esm5/compiler.js.JitCompiler._compileTemplate Users/aleksandrvadimovic/Documents/Dropbox_local/тестовые/test-playkey/node_modules/@angular/compiler/esm5/compiler.js:34417:1)
    at http://localhost:9876/_karma_webpack_/webpack:/Users/aleksandrvadimovic/Documents/Dropbox_local/тестовые/test-playkey/node_modules/@angular/compiler/esm5/compiler.js:34318:48
    at Set.forEach (&lt;anonymous&gt;)
    at JitCompiler.webpackJsonp.../../../compiler/esm5/compiler.js.JitCompiler._compileComponents Users/aleksandrvadimovic/Documents/Dropbox_local/тестовые/test-playkey/node_modules/@angular/compiler/esm5/compiler.js:34318:1)
    at http://localhost:9876/_karma_webpack_/webpack:/Users/aleksandrvadimovic/Documents/Dropbox_local/тестовые/test-playkey/node_modules/@angular/compiler/esm5/compiler.js:34206:1
    at Object.then Users/aleksandrvadimovic/Documents/Dropbox_local/тестовые/test-playkey/node_modules/@angular/compiler/esm5/compiler.js:474:33)
    at JitCompiler.webpackJsonp.../../../compiler/esm5/compiler.js.JitCompiler._compileModuleAndAllComponents Users/aleksandrvadimovic/Documents/Dropbox_local/тестовые/test-playkey/node_modules/@angular/compiler/esm5/compiler.js:34204:1)
</failure>
    <failure type="">Error: Template parse errors:
'product-list' is not a known element:
1. If 'product-list' is an Angular component, then verify that it is part of this module.
2. If 'product-list' is a Web Component then add 'CUSTOM_ELEMENTS_SCHEMA' to the '@NgModule.schemas' of this component to suppress this message. ("&lt;section class="wish-section d-flex flex-row"&gt;
  [ERROR -&gt;]&lt;product-list&gt;&lt;/product-list&gt;
  &lt;wish-list&gt;&lt;/wish-list&gt;
&lt;/section&gt;
"): ng:///DynamicTestModule/HomeComponent.html@1:2
'wish-list' is not a known element:
1. If 'wish-list' is an Angular component, then verify that it is part of this module.
2. If 'wish-list' is a Web Component then add 'CUSTOM_ELEMENTS_SCHEMA' to the '@NgModule.schemas' of this component to suppress this message. ("&lt;section class="wish-section d-flex flex-row"&gt;
  &lt;product-list&gt;&lt;/product-list&gt;
  [ERROR -&gt;]&lt;wish-list&gt;&lt;/wish-list&gt;
&lt;/section&gt;
"): ng:///DynamicTestModule/HomeComponent.html@2:2
    at syntaxError Users/aleksandrvadimovic/Documents/Dropbox_local/тестовые/test-playkey/node_modules/@angular/compiler/esm5/compiler.js:485:22)
    at TemplateParser.webpackJsonp.../../../compiler/esm5/compiler.js.TemplateParser.parse Users/aleksandrvadimovic/Documents/Dropbox_local/тестовые/test-playkey/node_modules/@angular/compiler/esm5/compiler.js:24631:1)
    at JitCompiler.webpackJsonp.../../../compiler/esm5/compiler.js.JitCompiler._parseTemplate Users/aleksandrvadimovic/Documents/Dropbox_local/тестовые/test-playkey/node_modules/@angular/compiler/esm5/compiler.js:34442:1)
    at JitCompiler.webpackJsonp.../../../compiler/esm5/compiler.js.JitCompiler._compileTemplate Users/aleksandrvadimovic/Documents/Dropbox_local/тестовые/test-playkey/node_modules/@angular/compiler/esm5/compiler.js:34417:1)
    at http://localhost:9876/_karma_webpack_/webpack:/Users/aleksandrvadimovic/Documents/Dropbox_local/тестовые/test-playkey/node_modules/@angular/compiler/esm5/compiler.js:34318:48
    at Set.forEach (&lt;anonymous&gt;)
    at JitCompiler.webpackJsonp.../../../compiler/esm5/compiler.js.JitCompiler._compileComponents Users/aleksandrvadimovic/Documents/Dropbox_local/тестовые/test-playkey/node_modules/@angular/compiler/esm5/compiler.js:34318:1)
    at http://localhost:9876/_karma_webpack_/webpack:/Users/aleksandrvadimovic/Documents/Dropbox_local/тестовые/test-playkey/node_modules/@angular/compiler/esm5/compiler.js:34206:1
    at Object.then Users/aleksandrvadimovic/Documents/Dropbox_local/тестовые/test-playkey/node_modules/@angular/compiler/esm5/compiler.js:474:33)
    at JitCompiler.webpackJsonp.../../../compiler/esm5/compiler.js.JitCompiler._compileModuleAndAllComponents Users/aleksandrvadimovic/Documents/Dropbox_local/тестовые/test-playkey/node_modules/@angular/compiler/esm5/compiler.js:34204:1)
</failure>
    <failure type="">Expected undefined to be truthy.
    at UserContext.&lt;anonymous&gt; Users/aleksandrvadimovic/Documents/Dropbox_local/тестовые/test-playkey/src/app/home/home.component.spec.ts:40:23)
    at ZoneDelegate.webpackJsonp.../../../../zone.js/dist/zone.js.ZoneDelegate.invoke Users/aleksandrvadimovic/Documents/Dropbox_local/тестовые/test-playkey/node_modules/zone.js/dist/zone.js:392:1)
    at ProxyZoneSpec.webpackJsonp.../../../../zone.js/dist/proxy.js.ProxyZoneSpec.onInvoke Users/aleksandrvadimovic/Documents/Dropbox_local/тестовые/test-playkey/node_modules/zone.js/dist/proxy.js:79:1)
    at ZoneDelegate.webpackJsonp.../../../../zone.js/dist/zone.js.ZoneDelegate.invoke Users/aleksandrvadimovic/Documents/Dropbox_local/тестовые/test-playkey/node_modules/zone.js/dist/zone.js:391:1)
</failure>
  </testcase>
  <testcase name="ProductListComponent should create" time="0.034" classname="ProductListComponent">
    <failure type="">Error: StaticInjectorError[ProductService]: 
  StaticInjectorError[ProductService]: 
    NullInjectorError: No provider for ProductService!
    at _NullInjector.webpackJsonp.../../../core/esm5/core.js._NullInjector.get Users/aleksandrvadimovic/Documents/Dropbox_local/тестовые/test-playkey/node_modules/@angular/core/esm5/core.js:993:1)
    at resolveToken Users/aleksandrvadimovic/Documents/Dropbox_local/тестовые/test-playkey/node_modules/@angular/core/esm5/core.js:1281:1)
    at tryResolveToken Users/aleksandrvadimovic/Documents/Dropbox_local/тестовые/test-playkey/node_modules/@angular/core/esm5/core.js:1223:1)
    at StaticInjector.webpackJsonp.../../../core/esm5/core.js.StaticInjector.get Users/aleksandrvadimovic/Documents/Dropbox_local/тестовые/test-playkey/node_modules/@angular/core/esm5/core.js:1094:1)
    at resolveToken Users/aleksandrvadimovic/Documents/Dropbox_local/тестовые/test-playkey/node_modules/@angular/core/esm5/core.js:1281:1)
    at tryResolveToken Users/aleksandrvadimovic/Documents/Dropbox_local/тестовые/test-playkey/node_modules/@angular/core/esm5/core.js:1223:1)
    at StaticInjector.webpackJsonp.../../../core/esm5/core.js.StaticInjector.get Users/aleksandrvadimovic/Documents/Dropbox_local/тестовые/test-playkey/node_modules/@angular/core/esm5/core.js:1094:1)
    at resolveNgModuleDep Users/aleksandrvadimovic/Documents/Dropbox_local/тестовые/test-playkey/node_modules/@angular/core/esm5/core.js:10878:1)
    at NgModuleRef_.webpackJsonp.../../../core/esm5/core.js.NgModuleRef_.get Users/aleksandrvadimovic/Documents/Dropbox_local/тестовые/test-playkey/node_modules/@angular/core/esm5/core.js:12110:1)
    at resolveDep Users/aleksandrvadimovic/Documents/Dropbox_local/тестовые/test-playkey/node_modules/@angular/core/esm5/core.js:12608:1)
</failure>
    <failure type="">Expected undefined to be truthy.
    at UserContext.&lt;anonymous&gt; Users/aleksandrvadimovic/Documents/Dropbox_local/тестовые/test-playkey/src/app/product-list/product-list.component.spec.ts:23:23)
    at ZoneDelegate.webpackJsonp.../../../../zone.js/dist/zone.js.ZoneDelegate.invoke Users/aleksandrvadimovic/Documents/Dropbox_local/тестовые/test-playkey/node_modules/zone.js/dist/zone.js:392:1)
    at ProxyZoneSpec.webpackJsonp.../../../../zone.js/dist/proxy.js.ProxyZoneSpec.onInvoke Users/aleksandrvadimovic/Documents/Dropbox_local/тестовые/test-playkey/node_modules/zone.js/dist/proxy.js:79:1)
    at ZoneDelegate.webpackJsonp.../../../../zone.js/dist/zone.js.ZoneDelegate.invoke Users/aleksandrvadimovic/Documents/Dropbox_local/тестовые/test-playkey/node_modules/zone.js/dist/zone.js:391:1)
</failure>
  </testcase>
  <testcase name="ProductService should be created" time="0.012" classname="ProductService">
    <failure type="">Error: StaticInjectorError[AsyncLocalStorage]: 
  StaticInjectorError[AsyncLocalStorage]: 
    NullInjectorError: No provider for AsyncLocalStorage!
    at _NullInjector.webpackJsonp.../../../core/esm5/core.js._NullInjector.get Users/aleksandrvadimovic/Documents/Dropbox_local/тестовые/test-playkey/node_modules/@angular/core/esm5/core.js:993:1)
    at resolveToken Users/aleksandrvadimovic/Documents/Dropbox_local/тестовые/test-playkey/node_modules/@angular/core/esm5/core.js:1281:1)
    at tryResolveToken Users/aleksandrvadimovic/Documents/Dropbox_local/тестовые/test-playkey/node_modules/@angular/core/esm5/core.js:1223:1)
    at StaticInjector.webpackJsonp.../../../core/esm5/core.js.StaticInjector.get Users/aleksandrvadimovic/Documents/Dropbox_local/тестовые/test-playkey/node_modules/@angular/core/esm5/core.js:1094:1)
    at resolveToken Users/aleksandrvadimovic/Documents/Dropbox_local/тестовые/test-playkey/node_modules/@angular/core/esm5/core.js:1281:1)
    at tryResolveToken Users/aleksandrvadimovic/Documents/Dropbox_local/тестовые/test-playkey/node_modules/@angular/core/esm5/core.js:1223:1)
    at StaticInjector.webpackJsonp.../../../core/esm5/core.js.StaticInjector.get Users/aleksandrvadimovic/Documents/Dropbox_local/тестовые/test-playkey/node_modules/@angular/core/esm5/core.js:1094:1)
    at resolveNgModuleDep Users/aleksandrvadimovic/Documents/Dropbox_local/тестовые/test-playkey/node_modules/@angular/core/esm5/core.js:10878:1)
    at _createClass Users/aleksandrvadimovic/Documents/Dropbox_local/тестовые/test-playkey/node_modules/@angular/core/esm5/core.js:10915:1)
    at _createProviderInstance$1 Users/aleksandrvadimovic/Documents/Dropbox_local/тестовые/test-playkey/node_modules/@angular/core/esm5/core.js:10889:1)
</failure>
  </testcase>
  <testcase name="LoaderComponent should not be visible by default" time="0.018" classname="LoaderComponent"/>
  <testcase name="LoaderComponent should be visible when app is loading" time="0.017" classname="LoaderComponent"/>
  <testcase name="LoaderComponent should not display a message by default" time="0.02" classname="LoaderComponent"/>
  <testcase name="LoaderComponent should display specified message" time="0.024" classname="LoaderComponent"/>
  <testcase name="WishListComponent should create" time="0.031" classname="WishListComponent">
    <failure type="">Error: StaticInjectorError[ProductService]: 
  StaticInjectorError[ProductService]: 
    NullInjectorError: No provider for ProductService!
    at _NullInjector.webpackJsonp.../../../core/esm5/core.js._NullInjector.get Users/aleksandrvadimovic/Documents/Dropbox_local/тестовые/test-playkey/node_modules/@angular/core/esm5/core.js:993:1)
    at resolveToken Users/aleksandrvadimovic/Documents/Dropbox_local/тестовые/test-playkey/node_modules/@angular/core/esm5/core.js:1281:1)
    at tryResolveToken Users/aleksandrvadimovic/Documents/Dropbox_local/тестовые/test-playkey/node_modules/@angular/core/esm5/core.js:1223:1)
    at StaticInjector.webpackJsonp.../../../core/esm5/core.js.StaticInjector.get Users/aleksandrvadimovic/Documents/Dropbox_local/тестовые/test-playkey/node_modules/@angular/core/esm5/core.js:1094:1)
    at resolveToken Users/aleksandrvadimovic/Documents/Dropbox_local/тестовые/test-playkey/node_modules/@angular/core/esm5/core.js:1281:1)
    at tryResolveToken Users/aleksandrvadimovic/Documents/Dropbox_local/тестовые/test-playkey/node_modules/@angular/core/esm5/core.js:1223:1)
    at StaticInjector.webpackJsonp.../../../core/esm5/core.js.StaticInjector.get Users/aleksandrvadimovic/Documents/Dropbox_local/тестовые/test-playkey/node_modules/@angular/core/esm5/core.js:1094:1)
    at resolveNgModuleDep Users/aleksandrvadimovic/Documents/Dropbox_local/тестовые/test-playkey/node_modules/@angular/core/esm5/core.js:10878:1)
    at NgModuleRef_.webpackJsonp.../../../core/esm5/core.js.NgModuleRef_.get Users/aleksandrvadimovic/Documents/Dropbox_local/тестовые/test-playkey/node_modules/@angular/core/esm5/core.js:12110:1)
    at resolveDep Users/aleksandrvadimovic/Documents/Dropbox_local/тестовые/test-playkey/node_modules/@angular/core/esm5/core.js:12608:1)
</failure>
    <failure type="">Expected undefined to be truthy.
    at UserContext.&lt;anonymous&gt; Users/aleksandrvadimovic/Documents/Dropbox_local/тестовые/test-playkey/src/app/wish-list/wish-list.component.spec.ts:23:23)
    at ZoneDelegate.webpackJsonp.../../../../zone.js/dist/zone.js.ZoneDelegate.invoke Users/aleksandrvadimovic/Documents/Dropbox_local/тестовые/test-playkey/node_modules/zone.js/dist/zone.js:392:1)
    at ProxyZoneSpec.webpackJsonp.../../../../zone.js/dist/proxy.js.ProxyZoneSpec.onInvoke Users/aleksandrvadimovic/Documents/Dropbox_local/тестовые/test-playkey/node_modules/zone.js/dist/proxy.js:79:1)
    at ZoneDelegate.webpackJsonp.../../../../zone.js/dist/zone.js.ZoneDelegate.invoke Users/aleksandrvadimovic/Documents/Dropbox_local/тестовые/test-playkey/node_modules/zone.js/dist/zone.js:391:1)
</failure>
  </testcase>
  <system-out>
    <![CDATA[
]]>
  </system-out>
  <system-err/>
</testsuite>